
> crm-system@0.1.0 dev /app/crm-system
> next dev

▲ Next.js 16.1.4 (Turbopack)
- Local:         http://localhost:3000
- Network:       http://192.168.0.2:3000

✓ Starting...
✓ Ready in 1140ms
○ Compiling /pipeline ...
 GET /pipeline 200 in 4.9s (compile: 4.3s, render: 545ms)
⨯ ./src/app/(dashboard)/pipeline/page.tsx:2:1
Module not found: Can't resolve '@/components/pipeline/PipelineBoard'
[0m [90m 1 |[39m [36mimport[39m { getDeals } [36mfrom[39m [32m"@/actions/pipeline"[39m
[31m[1m>[22m[39m[90m 2 |[39m [36mimport[39m { [33mPipelineBoard[39m } [36mfrom[39m [32m"@/components/pipeline/PipelineBoard"[39m
 [90m   |[39m [31m[1m^[22m[39m[31m[1m^[22m[39m[31m[1m^[22m[39m[31m[1m^[22m[39m[31m[1m^[22m[39m[31m[1m^[22m[39m[31m[1m^[22m[39m[31m[1m^[22m[39m[31m[1m^[22m[39m[31m[1m^[22m[39m[31m[1m^[22m[39m[31m[1m^[22m[39m[31m[1m^[22m[39m[31m[1m^[22m[39m[31m[1m^[22m[39m[31m[1m^[22m[39m[31m[1m^[22m[39m[31m[1m^[22m[39m[31m[1m^[22m[39m[31m[1m^[22m[39m[31m[1m^[22m[39m[31m[1m^[22m[39m[31m[1m^[22m[39m[31m[1m^[22m[39m[31m[1m^[22m[39m[31m[1m^[22m[39m[31m[1m^[22m[39m[31m[1m^[22m[39m[31m[1m^[22m[39m[31m[1m^[22m[39m[31m[1m^[22m[39m[31m[1m^[22m[39m[31m[1m^[22m[39m[31m[1m^[22m[39m[31m[1m^[22m[39m[31m[1m^[22m[39m[31m[1m^[22m[39m[31m[1m^[22m[39m[31m[1m^[22m[39m[31m[1m^[22m[39m[31m[1m^[22m[39m[31m[1m^[22m[39m[31m[1m^[22m[39m[31m[1m^[22m[39m[31m[1m^[22m[39m[31m[1m^[22m[39m[31m[1m^[22m[39m[31m[1m^[22m[39m[31m[1m^[22m[39m[31m[1m^[22m[39m[31m[1m^[22m[39m[31m[1m^[22m[39m[31m[1m^[22m[39m[31m[1m^[22m[39m[31m[1m^[22m[39m[31m[1m^[22m[39m[31m[1m^[22m[39m[31m[1m^[22m[39m[31m[1m^[22m[39m[31m[1m^[22m[39m[31m[1m^[22m[39m[31m[1m^[22m[39m[31m[1m^[22m[39m[31m[1m^[22m[39m[31m[1m^[22m[39m[31m[1m^[22m[39m[31m[1m^[22m[39m
 [90m 3 |[39m [36mimport[39m { [33mButton[39m } [36mfrom[39m [32m"@/components/ui/button"[39m
 [90m 4 |[39m [36mimport[39m { [33mPlus[39m } [36mfrom[39m [32m"lucide-react"[39m
 [90m 5 |[39m[0m

Import map: aliased to relative './src/components/pipeline/PipelineBoard' inside of [project]/


https://nextjs.org/docs/messages/module-not-found


⨯ ./src/app/(dashboard)/pipeline/page.tsx:2:1
Module not found: Can't resolve '@/components/pipeline/PipelineBoard'
[0m [90m 1 |[39m [36mimport[39m { getDeals } [36mfrom[39m [32m"@/actions/pipeline"[39m
[31m[1m>[22m[39m[90m 2 |[39m [36mimport[39m { [33mPipelineBoard[39m } [36mfrom[39m [32m"@/components/pipeline/PipelineBoard"[39m
 [90m   |[39m [31m[1m^[22m[39m[31m[1m^[22m[39m[31m[1m^[22m[39m[31m[1m^[22m[39m[31m[1m^[22m[39m[31m[1m^[22m[39m[31m[1m^[22m[39m[31m[1m^[22m[39m[31m[1m^[22m[39m[31m[1m^[22m[39m[31m[1m^[22m[39m[31m[1m^[22m[39m[31m[1m^[22m[39m[31m[1m^[22m[39m[31m[1m^[22m[39m[31m[1m^[22m[39m[31m[1m^[22m[39m[31m[1m^[22m[39m[31m[1m^[22m[39m[31m[1m^[22m[39m[31m[1m^[22m[39m[31m[1m^[22m[39m[31m[1m^[22m[39m[31m[1m^[22m[39m[31m[1m^[22m[39m[31m[1m^[22m[39m[31m[1m^[22m[39m[31m[1m^[22m[39m[31m[1m^[22m[39m[31m[1m^[22m[39m[31m[1m^[22m[39m[31m[1m^[22m[39m[31m[1m^[22m[39m[31m[1m^[22m[39m[31m[1m^[22m[39m[31m[1m^[22m[39m[31m[1m^[22m[39m[31m[1m^[22m[39m[31m[1m^[22m[39m[31m[1m^[22m[39m[31m[1m^[22m[39m[31m[1m^[22m[39m[31m[1m^[22m[39m[31m[1m^[22m[39m[31m[1m^[22m[39m[31m[1m^[22m[39m[31m[1m^[22m[39m[31m[1m^[22m[39m[31m[1m^[22m[39m[31m[1m^[22m[39m[31m[1m^[22m[39m[31m[1m^[22m[39m[31m[1m^[22m[39m[31m[1m^[22m[39m[31m[1m^[22m[39m[31m[1m^[22m[39m[31m[1m^[22m[39m[31m[1m^[22m[39m[31m[1m^[22m[39m[31m[1m^[22m[39m[31m[1m^[22m[39m[31m[1m^[22m[39m[31m[1m^[22m[39m[31m[1m^[22m[39m[31m[1m^[22m[39m[31m[1m^[22m[39m[31m[1m^[22m[39m
 [90m 3 |[39m [36mimport[39m { [33mButton[39m } [36mfrom[39m [32m"@/components/ui/button"[39m
 [90m 4 |[39m [36mimport[39m { [33mPlus[39m } [36mfrom[39m [32m"lucide-react"[39m
 [90m 5 |[39m[0m

Import map: aliased to relative './src/components/pipeline/PipelineBoard' inside of [project]/


https://nextjs.org/docs/messages/module-not-found


✓ Compiled in 87ms
